빌드 시작: 2018-10-15 오후 5:37:23
     1>2 노드의 "C:\Users\정영\Desktop\C 프로그래밍\2013890066정영\C프로그래밍_과제\연습\연습.vcxproj" 프로젝트(Build 대상)입니다.
     1>ClCompile:
         C:\Program Files (x86)\Microsoft Visual Studio 11.0\VC\bin\CL.exe /c /ZI /nologo /W3 /WX- /Od /Oy- /D WIN32 /D _DEBUG /D _CONSOLE /D _UNICODE /D UNICODE /Gm /EHsc /RTC1 /MDd /GS /fp:precise /Zc:wchar_t /Zc:forScope /Fo"Debug\\" /Fd"Debug\vc110.pdb" /Gd /TP /analyze- /errorReport:prompt "연습2.cpp"
         연습2.cpp
     1>c:\users\정영\desktop\c 프로그래밍\2013890066정영\c프로그래밍_과제\연습\연습2.cpp(15): error C2065: 'num' : 선언되지 않은 식별자입니다.
     1>c:\users\정영\desktop\c 프로그래밍\2013890066정영\c프로그래밍_과제\연습\연습2.cpp(16): fatal error C1075: 왼쪽 중괄호 '{'(위치: 'c:\users\정영\desktop\c 프로그래밍\2013890066정영\c프로그래밍_과제\연습\연습2.cpp(6)')이(가) 짝이 되기 전에 파일의 끝이 나타났습니다.
     1>"C:\Users\정영\Desktop\C 프로그래밍\2013890066정영\C프로그래밍_과제\연습\연습.vcxproj" 프로젝트를 빌드했습니다(Build 대상). - 실패

빌드하지 못했습니다.

경과 시간: 00:00:00.23
